
> client@0.1.0 cypress:run
> cypress run


DevTools listening on ws://127.0.0.1:46313/devtools/browser/77184074-6690-49a3-a9e8-42f6f0542428
Missing baseUrl in compilerOptions. tsconfig-paths will be skipped

================================================================================

  (Run Starting)

  ┌────────────────────────────────────────────────────────────────────────────────────────────────┐
  │ Cypress:        13.17.0                                                                        │
  │ Browser:        Electron 118 (headless)                                                        │
  │ Node Version:   v22.15.0 (/home/udorakpuenyi/.nvm/versions/node/v22.15.0/bin/node)             │
  │ Specs:          15 found (admin/bank-management.cy.ts, admin/dashboard.cy.ts, admin/escrow-man │
  │                 agement.cy.ts, admin/wallet-management.cy.ts, auth/admin-signup.cy.ts, auth/em │
  │                 ail-verification.cy.ts, auth/login.cy.ts, auth/password-reset.cy.ts, auth/sign │
  │                 up.cy.ts, trader/dashbo...)                                                    │
  │ Searched:       cypress/e2e/**/*.cy.{js,jsx,ts,tsx}                                            │
  └────────────────────────────────────────────────────────────────────────────────────────────────┘


────────────────────────────────────────────────────────────────────────────────────────────────────
                                                                                                    
  Running:  admin/bank-management.cy.ts                                                    (1 of 15)
ERR_FAILED (-2) loading 'about:blank'
Error: ERR_FAILED (-2) loading 'about:blank'
    at rejectAndCleanup (node:electron/js2c/browser_init:2:75584)
    at WebContents.stopLoadingListener (node:electron/js2c/browser_init:2:75971)
    at WebContents.emit (node:events:514:28)
