
DevTools listening on ws://127.0.0.1:43495/devtools/browser/cf5b9312-a703-4628-a65c-5f001d9218aa
Your configFile is invalid: /home/udorakpuenyi/escrow/client/cypress.config.ts

It threw an error when required, check the stack trace below:

Error: Cannot find module 'cypress'
Require stack:
- /home/udorakpuenyi/escrow/client/cypress.config.ts
- /home/udorakpuenyi/.cache/Cypress/15.9.0/Cypress/resources/app/node_modules/@packages/server/lib/plugins/child/run_require_async_child.js
- /home/udorakpuenyi/.cache/Cypress/15.9.0/Cypress/resources/app/node_modules/@packages/server/lib/plugins/child/require_async_child.js
    at node:internal/modules/cjs/loader:1401:15
    at m._resolveFilename (file:///home/udorakpuenyi/.cache/Cypress/15.9.0/Cypress/resources/app/node_modules/tsx/dist/register-B7jrtLTO.mjs:1:789)
    at nextResolveSimple (/home/udorakpuenyi/.cache/Cypress/15.9.0/Cypress/resources/app/node_modules/tsx/dist/register-D46fvsV_.cjs:4:1004)
    at /home/udorakpuenyi/.cache/Cypress/15.9.0/Cypress/resources/app/node_modules/tsx/dist/register-D46fvsV_.cjs:3:2630
    at /home/udorakpuenyi/.cache/Cypress/15.9.0/Cypress/resources/app/node_modules/tsx/dist/register-D46fvsV_.cjs:3:1542
    at resolveTsPaths (/home/udorakpuenyi/.cache/Cypress/15.9.0/Cypress/resources/app/node_modules/tsx/dist/register-D46fvsV_.cjs:4:760)
    at Function._resolveFilename (/home/udorakpuenyi/.cache/Cypress/15.9.0/Cypress/resources/app/node_modules/tsx/dist/register-D46fvsV_.cjs:4:1102)
    at defaultResolveImpl (node:internal/modules/cjs/loader:1057:19)
    at resolveForCJSWithHooks (node:internal/modules/cjs/loader:1062:22)
    at Function._load (node:internal/modules/cjs/loader:1211:37)
    at TracingChannel.traceSync (node:diagnostics_channel:322:14)
    at wrapModuleLoad (node:internal/modules/cjs/loader:235:24)
    at Module.require (node:internal/modules/cjs/loader:1487:12)
    at require (node:internal/modules/helpers:135:16)
    at <anonymous> (/home/udorakpuenyi/escrow/client/cypress.config.ts:1:30)
    at Object.<anonymous> (/home/udorakpuenyi/escrow/client/cypress.config.ts:26:2)
